GROUP,PACKAGE,CLASS,INSTRUCTION_MISSED,INSTRUCTION_COVERED,BRANCH_MISSED,BRANCH_COVERED,LINE_MISSED,LINE_COVERED,COMPLEXITY_MISSED,COMPLEXITY_COVERED,METHOD_MISSED,METHOD_COVERED
app,Vending_machine,Seller,218,0,10,0,68,0,12,0,7,0
app,Vending_machine,Customer,516,0,54,0,155,0,34,0,7,0
app,Vending_machine,Database,1196,0,52,0,375,0,73,0,47,0
app,Vending_machine,Owner,220,0,8,0,65,0,11,0,7,0
app,Vending_machine,CalculatePayment,1195,0,84,0,274,0,49,0,7,0
app,Vending_machine,App,890,0,74,0,244,0,40,0,3,0
app,Vending_machine,Cashier,18,0,0,0,6,0,4,0,4,0
app,Vending_machine,Timer,40,0,4,0,16,0,4,0,2,0
